# JRE version: OpenJDK Runtime Environment (8.0_151-b12) (build 1.8.0_151-8u151-b12-0ubuntu0.16.04.2-b12)
# Java VM: OpenJDK 64-Bit Server VM (25.151-b12 mixed mode linux-amd64 compressed oops)
Heap:
 garbage-first heap   total 428032K, used 370492K [0x00000000c0000000, 0x00000000c0100d10, 0x0000000100000000)
  region size 1024K, 139 young (142336K), 2 survivors (2048K)
 Metaspace       used 111008K, capacity 122548K, committed 123136K, reserved 1153024K
  class space    used 15783K, capacity 19024K, committed 19200K, reserved 1048576K
GC Heap History (10 events):
Event: 1624.062 GC heap before
{Heap before GC invocations=61 (full 0):
 garbage-first heap   total 428032K, used 250371K [0x00000000c0000000, 0x00000000c0100d10, 0x0000000100000000)
  region size 1024K, 20 young (20480K), 3 survivors (3072K)
 Metaspace       used 109496K, capacity 120444K, committed 121088K, reserved 1150976K
  class space    used 15601K, capacity 18732K, committed 18944K, reserved 1048576K
Event: 1624.077 GC heap after
Heap after GC invocations=62 (full 0):
 garbage-first heap   total 428032K, used 235175K [0x00000000c0000000, 0x00000000c0100d10, 0x0000000100000000)
  region size 1024K, 3 young (3072K), 3 survivors (3072K)
 Metaspace       used 109496K, capacity 120444K, committed 121088K, reserved 1150976K
  class space    used 15601K, capacity 18732K, committed 18944K, reserved 1048576K
}
Event: 1624.847 GC heap before
{Heap before GC invocations=62 (full 0):
 garbage-first heap   total 428032K, used 373415K [0x00000000c0000000, 0x00000000c0100d10, 0x0000000100000000)
  region size 1024K, 138 young (141312K), 3 survivors (3072K)
 Metaspace       used 109740K, capacity 120892K, committed 121600K, reserved 1153024K
  class space    used 15621K, capacity 18772K, committed 18944K, reserved 1048576K
Event: 1624.858 GC heap after
Heap after GC invocations=63 (full 0):
 garbage-first heap   total 428032K, used 241863K [0x00000000c0000000, 0x00000000c0100d10, 0x0000000100000000)
  region size 1024K, 10 young (10240K), 10 survivors (10240K)
 Metaspace       used 109740K, capacity 120892K, committed 121600K, reserved 1153024K
  class space    used 15621K, capacity 18772K, committed 18944K, reserved 1048576K
}
Event: 1625.561 GC heap before
{Heap before GC invocations=63 (full 0):
 garbage-first heap   total 428032K, used 372935K [0x00000000c0000000, 0x00000000c0100d10, 0x0000000100000000)
  region size 1024K, 138 young (141312K), 10 survivors (10240K)
 Metaspace       used 109832K, capacity 121128K, committed 121600K, reserved 1153024K
  class space    used 15634K, capacity 18812K, committed 18944K, reserved 1048576K
Event: 1625.571 GC heap after
Heap after GC invocations=64 (full 0):
 garbage-first heap   total 428032K, used 242688K [0x00000000c0000000, 0x00000000c0100d10, 0x0000000100000000)
  region size 1024K, 10 young (10240K), 10 survivors (10240K)
 Metaspace       used 109832K, capacity 121128K, committed 121600K, reserved 1153024K
  class space    used 15634K, capacity 18812K, committed 18944K, reserved 1048576K
}
Event: 1626.340 GC heap before
{Heap before GC invocations=65 (full 0):
 garbage-first heap   total 428032K, used 373760K [0x00000000c0000000, 0x00000000c0100d10, 0x0000000100000000)
  region size 1024K, 138 young (141312K), 10 survivors (10240K)
 Metaspace       used 110661K, capacity 122104K, committed 122624K, reserved 1153024K
  class space    used 15750K, capacity 18988K, committed 19200K, reserved 1048576K
Event: 1626.355 GC heap after
Heap after GC invocations=66 (full 0):
 garbage-first heap   total 428032K, used 251737K [0x00000000c0000000, 0x00000000c0100d10, 0x0000000100000000)
  region size 1024K, 18 young (18432K), 18 survivors (18432K)
 Metaspace       used 110661K, capacity 122104K, committed 122624K, reserved 1153024K
  class space    used 15750K, capacity 18988K, committed 19200K, reserved 1048576K
}
Event: 1626.367 GC heap before
{Heap before GC invocations=66 (full 0):
 garbage-first heap   total 428032K, used 253785K [0x00000000c0000000, 0x00000000c0100d10, 0x0000000100000000)
  region size 1024K, 20 young (20480K), 18 survivors (18432K)
 Metaspace       used 110661K, capacity 122104K, committed 122624K, reserved 1153024K
  class space    used 15750K, capacity 18988K, committed 19200K, reserved 1048576K
Event: 1626.395 GC heap after
Heap after GC invocations=67 (full 0):
 garbage-first heap   total 428032K, used 231228K [0x00000000c0000000, 0x00000000c0100d10, 0x0000000100000000)
  region size 1024K, 2 young (2048K), 2 survivors (2048K)
 Metaspace       used 110661K, capacity 122104K, committed 122624K, reserved 1153024K
  class space    used 15750K, capacity 18988K, committed 19200K, reserved 1048576K
}

