# JRE version: OpenJDK Runtime Environment (8.0_171-b11) (build 1.8.0_171-8u171-b11-0ubuntu0.16.04.1-b11)
# Java VM: OpenJDK 64-Bit Server VM (25.171-b11 mixed mode linux-amd64 compressed oops)
Heap:
 garbage-first heap   total 555008K, used 369940K [0x00000000c0000000, 0x00000000c01010f0, 0x0000000100000000)
  region size 1024K, 142 young (145408K), 3 survivors (3072K)
 Metaspace       used 137198K, capacity 151964K, committed 171760K, reserved 1191936K
  class space    used 18326K, capacity 22330K, committed 28912K, reserved 1048576K
GC Heap History (10 events):
Event: 55479.571 GC heap before
{Heap before GC invocations=712 (full 0):
 garbage-first heap   total 555008K, used 488252K [0x00000000c0000000, 0x00000000c01010f0, 0x0000000100000000)
  region size 1024K, 258 young (264192K), 8 survivors (8192K)
 Metaspace       used 140200K, capacity 158162K, committed 170352K, reserved 1191936K
  class space    used 18880K, capacity 24737K, committed 28784K, reserved 1048576K
Event: 55479.584 GC heap after
Heap after GC invocations=713 (full 0):
 garbage-first heap   total 555008K, used 232761K [0x00000000c0000000, 0x00000000c01010f0, 0x0000000100000000)
  region size 1024K, 8 young (8192K), 8 survivors (8192K)
 Metaspace       used 140200K, capacity 158162K, committed 170352K, reserved 1191936K
  class space    used 18880K, capacity 24737K, committed 28784K, reserved 1048576K
}
Event: 55827.276 GC heap before
{Heap before GC invocations=713 (full 0):
 garbage-first heap   total 555008K, used 428081K [0x00000000c0000000, 0x00000000c01010f0, 0x0000000100000000)
  region size 1024K, 184 young (188416K), 8 survivors (8192K)
 Metaspace       used 140214K, capacity 158162K, committed 170352K, reserved 1191936K
  class space    used 18880K, capacity 24737K, committed 28784K, reserved 1048576K
Event: 55827.291 GC heap after
Heap after GC invocations=714 (full 0):
 garbage-first heap   total 555008K, used 245740K [0x00000000c0000000, 0x00000000c01010f0, 0x0000000100000000)
  region size 1024K, 13 young (13312K), 13 survivors (13312K)
 Metaspace       used 140214K, capacity 158162K, committed 170352K, reserved 1191936K
  class space    used 18880K, capacity 24737K, committed 28784K, reserved 1048576K
}
Event: 56056.772 GC heap before
{Heap before GC invocations=715 (full 0):
 garbage-first heap   total 555008K, used 502260K [0x00000000c0000000, 0x00000000c01010f0, 0x0000000100000000)
  region size 1024K, 244 young (249856K), 13 survivors (13312K)
 Metaspace       used 135679K, capacity 149984K, committed 170352K, reserved 1191936K
  class space    used 18124K, capacity 22016K, committed 28784K, reserved 1048576K
Event: 56056.791 GC heap after
Heap after GC invocations=716 (full 0):
 garbage-first heap   total 555008K, used 232039K [0x00000000c0000000, 0x00000000c01010f0, 0x0000000100000000)
  region size 1024K, 5 young (5120K), 5 survivors (5120K)
 Metaspace       used 135679K, capacity 149984K, committed 170352K, reserved 1191936K
  class space    used 18124K, capacity 22016K, committed 28784K, reserved 1048576K
}
Event: 56061.009 GC heap before
{Heap before GC invocations=716 (full 0):
 garbage-first heap   total 555008K, used 254567K [0x00000000c0000000, 0x00000000c01010f0, 0x0000000100000000)
  region size 1024K, 27 young (27648K), 5 survivors (5120K)
 Metaspace       used 135679K, capacity 149984K, committed 170352K, reserved 1191936K
  class space    used 18124K, capacity 22016K, committed 28784K, reserved 1048576K
Event: 56061.066 GC heap after
Heap after GC invocations=717 (full 0):
 garbage-first heap   total 555008K, used 195581K [0x00000000c0000000, 0x00000000c01010f0, 0x0000000100000000)
  region size 1024K, 4 young (4096K), 4 survivors (4096K)
 Metaspace       used 135679K, capacity 149984K, committed 170352K, reserved 1191936K
  class space    used 18124K, capacity 22016K, committed 28784K, reserved 1048576K
}
Event: 56062.865 GC heap before
{Heap before GC invocations=717 (full 0):
 garbage-first heap   total 555008K, used 219133K [0x00000000c0000000, 0x00000000c01010f0, 0x0000000100000000)
  region size 1024K, 27 young (27648K), 4 survivors (4096K)
 Metaspace       used 135736K, capacity 150056K, committed 170352K, reserved 1191936K
  class space    used 18132K, capacity 22018K, committed 28784K, reserved 1048576K
Event: 56062.894 GC heap after
Heap after GC invocations=718 (full 0):
 garbage-first heap   total 555008K, used 195336K [0x00000000c0000000, 0x00000000c01010f0, 0x0000000100000000)
  region size 1024K, 3 young (3072K), 3 survivors (3072K)
 Metaspace       used 135736K, capacity 150056K, committed 170352K, reserved 1191936K
  class space    used 18132K, capacity 22018K, committed 28784K, reserved 1048576K
}

