# JRE version: OpenJDK Runtime Environment (8.0_151-b12) (build 1.8.0_151-8u151-b12-0ubuntu0.16.04.2-b12)
# Java VM: OpenJDK 64-Bit Server VM (25.151-b12 mixed mode linux-amd64 compressed oops)
Heap:
 garbage-first heap   total 559104K, used 454747K [0x00000000c0000000, 0x00000000c0101110, 0x0000000100000000)
  region size 1024K, 204 young (208896K), 9 survivors (9216K)
 Metaspace       used 120846K, capacity 134302K, committed 134480K, reserved 1163264K
  class space    used 16862K, capacity 20802K, committed 20816K, reserved 1048576K
GC Heap History (10 events):
Event: 1099.505 GC heap before
{Heap before GC invocations=96 (full 0):
 garbage-first heap   total 559104K, used 495498K [0x00000000c0000000, 0x00000000c0101110, 0x0000000100000000)
  region size 1024K, 243 young (248832K), 6 survivors (6144K)
 Metaspace       used 120019K, capacity 133224K, committed 133584K, reserved 1163264K
  class space    used 16786K, capacity 20573K, committed 20688K, reserved 1048576K
Event: 1099.515 GC heap after
Heap after GC invocations=97 (full 0):
 garbage-first heap   total 559104K, used 254948K [0x00000000c0000000, 0x00000000c0101110, 0x0000000100000000)
  region size 1024K, 8 young (8192K), 8 survivors (8192K)
 Metaspace       used 120019K, capacity 133224K, committed 133584K, reserved 1163264K
  class space    used 16786K, capacity 20573K, committed 20688K, reserved 1048576K
}
Event: 1159.357 GC heap before
{Heap before GC invocations=97 (full 0):
 garbage-first heap   total 559104K, used 493540K [0x00000000c0000000, 0x00000000c0101110, 0x0000000100000000)
  region size 1024K, 241 young (246784K), 8 survivors (8192K)
 Metaspace       used 120274K, capacity 133624K, committed 133840K, reserved 1163264K
  class space    used 16817K, capacity 20685K, committed 20688K, reserved 1048576K
Event: 1159.371 GC heap after
Heap after GC invocations=98 (full 0):
 garbage-first heap   total 559104K, used 253381K [0x00000000c0000000, 0x00000000c0101110, 0x0000000100000000)
  region size 1024K, 6 young (6144K), 6 survivors (6144K)
 Metaspace       used 120274K, capacity 133624K, committed 133840K, reserved 1163264K
  class space    used 16817K, capacity 20685K, committed 20688K, reserved 1048576K
}
Event: 1458.966 GC heap before
{Heap before GC invocations=98 (full 0):
 garbage-first heap   total 559104K, used 496069K [0x00000000c0000000, 0x00000000c0101110, 0x0000000100000000)
  region size 1024K, 243 young (248832K), 6 survivors (6144K)
 Metaspace       used 120391K, capacity 133708K, committed 133968K, reserved 1163264K
  class space    used 16825K, capacity 20713K, committed 20816K, reserved 1048576K
Event: 1458.979 GC heap after
Heap after GC invocations=99 (full 0):
 garbage-first heap   total 559104K, used 253984K [0x00000000c0000000, 0x00000000c0101110, 0x0000000100000000)
  region size 1024K, 7 young (7168K), 7 survivors (7168K)
 Metaspace       used 120391K, capacity 133708K, committed 133968K, reserved 1163264K
  class space    used 16825K, capacity 20713K, committed 20816K, reserved 1048576K
}
Event: 2015.129 GC heap before
{Heap before GC invocations=99 (full 0):
 garbage-first heap   total 559104K, used 494624K [0x00000000c0000000, 0x00000000c0101110, 0x0000000100000000)
  region size 1024K, 242 young (247808K), 7 survivors (7168K)
 Metaspace       used 120556K, capacity 133920K, committed 134224K, reserved 1163264K
  class space    used 16836K, capacity 20741K, committed 20816K, reserved 1048576K
Event: 2015.150 GC heap after
Heap after GC invocations=100 (full 0):
 garbage-first heap   total 559104K, used 254013K [0x00000000c0000000, 0x00000000c0101110, 0x0000000100000000)
  region size 1024K, 7 young (7168K), 7 survivors (7168K)
 Metaspace       used 120556K, capacity 133920K, committed 134224K, reserved 1163264K
  class space    used 16836K, capacity 20741K, committed 20816K, reserved 1048576K
}
Event: 2040.900 GC heap before
{Heap before GC invocations=100 (full 0):
 garbage-first heap   total 559104K, used 495691K [0x00000000c0000000, 0x00000000c0101110, 0x0000000100000000)
  region size 1024K, 242 young (247808K), 7 survivors (7168K)
 Metaspace       used 120733K, capacity 134154K, committed 134224K, reserved 1163264K
  class space    used 16852K, capacity 20774K, committed 20816K, reserved 1048576K
Event: 2040.917 GC heap after
Heap after GC invocations=101 (full 0):
 garbage-first heap   total 559104K, used 256091K [0x00000000c0000000, 0x00000000c0101110, 0x0000000100000000)
  region size 1024K, 9 young (9216K), 9 survivors (9216K)
 Metaspace       used 120733K, capacity 134154K, committed 134224K, reserved 1163264K
  class space    used 16852K, capacity 20774K, committed 20816K, reserved 1048576K
}

