# JRE version: OpenJDK Runtime Environment (8.0_151-b12) (build 1.8.0_151-8u151-b12-0ubuntu0.16.04.2-b12)
# Java VM: OpenJDK 64-Bit Server VM (25.151-b12 mixed mode linux-amd64 compressed oops)
Heap:
 garbage-first heap   total 552960K, used 482618K [0x00000000c0000000, 0x00000000c01010e0, 0x0000000100000000)
  region size 1024K, 231 young (236544K), 7 survivors (7168K)
 Metaspace       used 124517K, capacity 138914K, committed 139216K, reserved 1167360K
  class space    used 17190K, capacity 21602K, committed 21712K, reserved 1048576K
GC Heap History (10 events):
Event: 1312.486 GC heap before
{Heap before GC invocations=132 (full 0):
 garbage-first heap   total 552960K, used 488078K [0x00000000c0000000, 0x00000000c01010e0, 0x0000000100000000)
  region size 1024K, 238 young (243712K), 8 survivors (8192K)
 Metaspace       used 123931K, capacity 137986K, committed 138192K, reserved 1165312K
  class space    used 17126K, capacity 21378K, committed 21456K, reserved 1048576K
Event: 1312.500 GC heap after
Heap after GC invocations=133 (full 0):
 garbage-first heap   total 552960K, used 252236K [0x00000000c0000000, 0x00000000c01010e0, 0x0000000100000000)
  region size 1024K, 7 young (7168K), 7 survivors (7168K)
 Metaspace       used 123931K, capacity 137986K, committed 138192K, reserved 1165312K
  class space    used 17126K, capacity 21378K, committed 21456K, reserved 1048576K
}
Event: 1349.654 GC heap before
{Heap before GC invocations=133 (full 0):
 garbage-first heap   total 552960K, used 489804K [0x00000000c0000000, 0x00000000c01010e0, 0x0000000100000000)
  region size 1024K, 239 young (244736K), 7 survivors (7168K)
 Metaspace       used 124136K, capacity 138262K, committed 138576K, reserved 1167360K
  class space    used 17151K, capacity 21470K, committed 21584K, reserved 1048576K
Event: 1349.675 GC heap after
Heap after GC invocations=134 (full 0):
 garbage-first heap   total 552960K, used 251478K [0x00000000c0000000, 0x00000000c01010e0, 0x0000000100000000)
  region size 1024K, 5 young (5120K), 5 survivors (5120K)
 Metaspace       used 124136K, capacity 138262K, committed 138576K, reserved 1167360K
  class space    used 17151K, capacity 21470K, committed 21584K, reserved 1048576K
}
Event: 1396.070 GC heap before
{Heap before GC invocations=134 (full 0):
 garbage-first heap   total 552960K, used 492118K [0x00000000c0000000, 0x00000000c01010e0, 0x0000000100000000)
  region size 1024K, 240 young (245760K), 5 survivors (5120K)
 Metaspace       used 124364K, capacity 138702K, committed 138960K, reserved 1167360K
  class space    used 17180K, capacity 21574K, committed 21712K, reserved 1048576K
Event: 1396.085 GC heap after
Heap after GC invocations=135 (full 0):
 garbage-first heap   total 552960K, used 252407K [0x00000000c0000000, 0x00000000c01010e0, 0x0000000100000000)
  region size 1024K, 5 young (5120K), 5 survivors (5120K)
 Metaspace       used 124364K, capacity 138702K, committed 138960K, reserved 1167360K
  class space    used 17180K, capacity 21574K, committed 21712K, reserved 1048576K
}
Event: 1500.517 GC heap before
{Heap before GC invocations=135 (full 0):
 garbage-first heap   total 552960K, used 492023K [0x00000000c0000000, 0x00000000c01010e0, 0x0000000100000000)
  region size 1024K, 239 young (244736K), 5 survivors (5120K)
 Metaspace       used 124454K, capacity 138850K, committed 139216K, reserved 1167360K
  class space    used 17188K, capacity 21602K, committed 21712K, reserved 1048576K
Event: 1500.533 GC heap after
Heap after GC invocations=136 (full 0):
 garbage-first heap   total 552960K, used 253179K [0x00000000c0000000, 0x00000000c01010e0, 0x0000000100000000)
  region size 1024K, 6 young (6144K), 6 survivors (6144K)
 Metaspace       used 124454K, capacity 138850K, committed 139216K, reserved 1167360K
  class space    used 17188K, capacity 21602K, committed 21712K, reserved 1048576K
}
Event: 1977.462 GC heap before
{Heap before GC invocations=136 (full 0):
 garbage-first heap   total 552960K, used 490747K [0x00000000c0000000, 0x00000000c01010e0, 0x0000000100000000)
  region size 1024K, 238 young (243712K), 6 survivors (6144K)
 Metaspace       used 124479K, capacity 138914K, committed 139216K, reserved 1167360K
  class space    used 17188K, capacity 21602K, committed 21712K, reserved 1048576K
Event: 1977.493 GC heap after
Heap after GC invocations=137 (full 0):
 garbage-first heap   total 552960K, used 254266K [0x00000000c0000000, 0x00000000c01010e0, 0x0000000100000000)
  region size 1024K, 7 young (7168K), 7 survivors (7168K)
 Metaspace       used 124479K, capacity 138914K, committed 139216K, reserved 1167360K
  class space    used 17188K, capacity 21602K, committed 21712K, reserved 1048576K
}

