# JRE version: OpenJDK Runtime Environment (8.0_151-b12) (build 1.8.0_151-8u151-b12-0ubuntu0.16.04.2-b12)
# Java VM: OpenJDK 64-Bit Server VM (25.151-b12 mixed mode linux-amd64 compressed oops)
Heap:
 garbage-first heap   total 497664K, used 248626K [0x00000000c0000000, 0x00000000c0100f30, 0x0000000100000000)
  region size 1024K, 52 young (53248K), 5 survivors (5120K)
 Metaspace       used 130795K, capacity 146940K, committed 158732K, reserved 1181696K
  class space    used 17625K, capacity 22768K, committed 26700K, reserved 1048576K
GC Heap History (10 events):
Event: 24293.140 GC heap before
{Heap before GC invocations=491 (full 0):
 garbage-first heap   total 497664K, used 440506K [0x00000000c0000000, 0x00000000c0100f30, 0x0000000100000000)
  region size 1024K, 239 young (244736K), 6 survivors (6144K)
 Metaspace       used 130539K, capacity 146518K, committed 158732K, reserved 1181696K
  class space    used 17583K, capacity 22626K, committed 26700K, reserved 1048576K
Event: 24293.162 GC heap after
Heap after GC invocations=492 (full 0):
 garbage-first heap   total 497664K, used 202010K [0x00000000c0000000, 0x00000000c0100f30, 0x0000000100000000)
  region size 1024K, 6 young (6144K), 6 survivors (6144K)
 Metaspace       used 130539K, capacity 146518K, committed 158732K, reserved 1181696K
  class space    used 17583K, capacity 22626K, committed 26700K, reserved 1048576K
}
Event: 24339.657 GC heap before
{Heap before GC invocations=492 (full 0):
 garbage-first heap   total 497664K, used 440602K [0x00000000c0000000, 0x00000000c0100f30, 0x0000000100000000)
  region size 1024K, 239 young (244736K), 6 survivors (6144K)
 Metaspace       used 130539K, capacity 146518K, committed 158732K, reserved 1181696K
  class space    used 17583K, capacity 22626K, committed 26700K, reserved 1048576K
Event: 24339.669 GC heap after
Heap after GC invocations=493 (full 0):
 garbage-first heap   total 497664K, used 202788K [0x00000000c0000000, 0x00000000c0100f30, 0x0000000100000000)
  region size 1024K, 7 young (7168K), 7 survivors (7168K)
 Metaspace       used 130539K, capacity 146518K, committed 158732K, reserved 1181696K
  class space    used 17583K, capacity 22626K, committed 26700K, reserved 1048576K
}
Event: 24385.413 GC heap before
{Heap before GC invocations=493 (full 0):
 garbage-first heap   total 497664K, used 438308K [0x00000000c0000000, 0x00000000c0100f30, 0x0000000100000000)
  region size 1024K, 237 young (242688K), 7 survivors (7168K)
 Metaspace       used 130678K, capacity 146770K, committed 158732K, reserved 1181696K
  class space    used 17606K, capacity 22710K, committed 26700K, reserved 1048576K
Event: 24385.426 GC heap after
Heap after GC invocations=494 (full 0):
 garbage-first heap   total 497664K, used 202273K [0x00000000c0000000, 0x00000000c0100f30, 0x0000000100000000)
  region size 1024K, 6 young (6144K), 6 survivors (6144K)
 Metaspace       used 130678K, capacity 146770K, committed 158732K, reserved 1181696K
  class space    used 17606K, capacity 22710K, committed 26700K, reserved 1048576K
}
Event: 24419.150 GC heap before
{Heap before GC invocations=494 (full 0):
 garbage-first heap   total 497664K, used 439841K [0x00000000c0000000, 0x00000000c0100f30, 0x0000000100000000)
  region size 1024K, 238 young (243712K), 6 survivors (6144K)
 Metaspace       used 130772K, capacity 146938K, committed 158732K, reserved 1181696K
  class space    used 17622K, capacity 22766K, committed 26700K, reserved 1048576K
Event: 24419.164 GC heap after
Heap after GC invocations=495 (full 0):
 garbage-first heap   total 497664K, used 203396K [0x00000000c0000000, 0x00000000c0100f30, 0x0000000100000000)
  region size 1024K, 7 young (7168K), 7 survivors (7168K)
 Metaspace       used 130772K, capacity 146938K, committed 158732K, reserved 1181696K
  class space    used 17622K, capacity 22766K, committed 26700K, reserved 1048576K
}
Event: 24465.514 GC heap before
{Heap before GC invocations=495 (full 0):
 garbage-first heap   total 497664K, used 438916K [0x00000000c0000000, 0x00000000c0100f30, 0x0000000100000000)
  region size 1024K, 237 young (242688K), 7 survivors (7168K)
 Metaspace       used 130772K, capacity 146938K, committed 158732K, reserved 1181696K
  class space    used 17622K, capacity 22766K, committed 26700K, reserved 1048576K
Event: 24465.538 GC heap after
Heap after GC invocations=496 (full 0):
 garbage-first heap   total 497664K, used 201522K [0x00000000c0000000, 0x00000000c0100f30, 0x0000000100000000)
  region size 1024K, 5 young (5120K), 5 survivors (5120K)
 Metaspace       used 130772K, capacity 146938K, committed 158732K, reserved 1181696K
  class space    used 17622K, capacity 22766K, committed 26700K, reserved 1048576K
}

