# JRE version: OpenJDK Runtime Environment (8.0_151-b12) (build 1.8.0_151-8u151-b12-0ubuntu0.16.04.2-b12)
# Java VM: OpenJDK 64-Bit Server VM (25.151-b12 mixed mode linux-amd64 compressed oops)
Heap:
 garbage-first heap   total 551936K, used 424554K [0x00000000c0000000, 0x00000000c01010d8, 0x0000000100000000)
  region size 1024K, 191 young (195584K), 3 survivors (3072K)
 Metaspace       used 122431K, capacity 136878K, committed 136972K, reserved 1165312K
  class space    used 16685K, capacity 21280K, committed 21372K, reserved 1048576K
GC Heap History (10 events):
Event: 14709.922 GC heap before
{Heap before GC invocations=212 (full 0):
 garbage-first heap   total 551936K, used 492077K [0x00000000c0000000, 0x00000000c01010d8, 0x0000000100000000)
  region size 1024K, 289 young (295936K), 3 survivors (3072K)
 Metaspace       used 121314K, capacity 135542K, committed 135692K, reserved 1163264K
  class space    used 16556K, capacity 21054K, committed 21116K, reserved 1048576K
Event: 14709.932 GC heap after
Heap after GC invocations=213 (full 0):
 garbage-first heap   total 551936K, used 199656K [0x00000000c0000000, 0x00000000c01010d8, 0x0000000100000000)
  region size 1024K, 3 young (3072K), 3 survivors (3072K)
 Metaspace       used 121314K, capacity 135542K, committed 135692K, reserved 1163264K
  class space    used 16556K, capacity 21054K, committed 21116K, reserved 1048576K
}
Event: 14746.306 GC heap before
{Heap before GC invocations=213 (full 0):
 garbage-first heap   total 551936K, used 492520K [0x00000000c0000000, 0x00000000c01010d8, 0x0000000100000000)
  region size 1024K, 289 young (295936K), 3 survivors (3072K)
 Metaspace       used 121317K, capacity 135542K, committed 135692K, reserved 1163264K
  class space    used 16556K, capacity 21054K, committed 21116K, reserved 1048576K
Event: 14746.324 GC heap after
Heap after GC invocations=214 (full 0):
 garbage-first heap   total 551936K, used 199105K [0x00000000c0000000, 0x00000000c01010d8, 0x0000000100000000)
  region size 1024K, 3 young (3072K), 3 survivors (3072K)
 Metaspace       used 121317K, capacity 135542K, committed 135692K, reserved 1163264K
  class space    used 16556K, capacity 21054K, committed 21116K, reserved 1048576K
}
Event: 14778.103 GC heap before
{Heap before GC invocations=214 (full 0):
 garbage-first heap   total 551936K, used 491969K [0x00000000c0000000, 0x00000000c01010d8, 0x0000000100000000)
  region size 1024K, 289 young (295936K), 3 survivors (3072K)
 Metaspace       used 121375K, capacity 135626K, committed 135692K, reserved 1163264K
  class space    used 16564K, capacity 21082K, committed 21116K, reserved 1048576K
Event: 14778.121 GC heap after
Heap after GC invocations=215 (full 0):
 garbage-first heap   total 551936K, used 199387K [0x00000000c0000000, 0x00000000c01010d8, 0x0000000100000000)
  region size 1024K, 3 young (3072K), 3 survivors (3072K)
 Metaspace       used 121375K, capacity 135626K, committed 135692K, reserved 1163264K
  class space    used 16564K, capacity 21082K, committed 21116K, reserved 1048576K
}
Event: 14859.405 GC heap before
{Heap before GC invocations=215 (full 0):
 garbage-first heap   total 551936K, used 492251K [0x00000000c0000000, 0x00000000c01010d8, 0x0000000100000000)
  region size 1024K, 289 young (295936K), 3 survivors (3072K)
 Metaspace       used 121440K, capacity 135774K, committed 135948K, reserved 1165312K
  class space    used 16572K, capacity 21110K, committed 21116K, reserved 1048576K
Event: 14859.416 GC heap after
Heap after GC invocations=216 (full 0):
 garbage-first heap   total 551936K, used 199423K [0x00000000c0000000, 0x00000000c01010d8, 0x0000000100000000)
  region size 1024K, 3 young (3072K), 3 survivors (3072K)
 Metaspace       used 121440K, capacity 135774K, committed 135948K, reserved 1165312K
  class space    used 16572K, capacity 21110K, committed 21116K, reserved 1048576K
}
Event: 15227.520 GC heap before
{Heap before GC invocations=216 (full 0):
 garbage-first heap   total 551936K, used 492287K [0x00000000c0000000, 0x00000000c01010d8, 0x0000000100000000)
  region size 1024K, 289 young (295936K), 3 survivors (3072K)
 Metaspace       used 121506K, capacity 135858K, committed 136076K, reserved 1165312K
  class space    used 16579K, capacity 21138K, committed 21244K, reserved 1048576K
Event: 15227.532 GC heap after
Heap after GC invocations=217 (full 0):
 garbage-first heap   total 551936K, used 199774K [0x00000000c0000000, 0x00000000c01010d8, 0x0000000100000000)
  region size 1024K, 3 young (3072K), 3 survivors (3072K)
 Metaspace       used 121506K, capacity 135858K, committed 136076K, reserved 1165312K
  class space    used 16579K, capacity 21138K, committed 21244K, reserved 1048576K
}

