# JRE version: OpenJDK Runtime Environment (8.0_151-b12) (build 1.8.0_151-8u151-b12-0ubuntu0.16.04.2-b12)
# Java VM: OpenJDK 64-Bit Server VM (25.151-b12 mixed mode linux-amd64 compressed oops)
Heap:
 garbage-first heap   total 561152K, used 252615K [0x00000000c0000000, 0x00000000c0101120, 0x0000000100000000)
  region size 1024K, 43 young (44032K), 10 survivors (10240K)
 Metaspace       used 140706K, capacity 162988K, committed 163152K, reserved 1183744K
  class space    used 19406K, capacity 27934K, committed 27984K, reserved 1048576K
GC Heap History (10 events):
Event: 41275.348 GC heap before
{Heap before GC invocations=282 (full 0):
 garbage-first heap   total 561152K, used 494143K [0x00000000c0000000, 0x00000000c0101120, 0x0000000100000000)
  region size 1024K, 279 young (285696K), 8 survivors (8192K)
 Metaspace       used 140215K, capacity 162294K, committed 162384K, reserved 1183744K
  class space    used 19336K, capacity 27706K, committed 27728K, reserved 1048576K
Event: 41275.364 GC heap after
Heap after GC invocations=283 (full 0):
 garbage-first heap   total 561152K, used 217220K [0x00000000c0000000, 0x00000000c0101120, 0x0000000100000000)
  region size 1024K, 9 young (9216K), 9 survivors (9216K)
 Metaspace       used 140215K, capacity 162294K, committed 162384K, reserved 1183744K
  class space    used 19336K, capacity 27706K, committed 27728K, reserved 1048576K
}
Event: 41310.985 GC heap before
{Heap before GC invocations=283 (full 0):
 garbage-first heap   total 561152K, used 493927K [0x00000000c0000000, 0x00000000c0101120, 0x0000000100000000)
  region size 1024K, 278 young (284672K), 9 survivors (9216K)
 Metaspace       used 140269K, capacity 162306K, committed 162384K, reserved 1183744K
  class space    used 19341K, capacity 27709K, committed 27728K, reserved 1048576K
Event: 41310.996 GC heap after
Heap after GC invocations=284 (full 0):
 garbage-first heap   total 561152K, used 219587K [0x00000000c0000000, 0x00000000c0101120, 0x0000000100000000)
  region size 1024K, 10 young (10240K), 10 survivors (10240K)
 Metaspace       used 140269K, capacity 162306K, committed 162384K, reserved 1183744K
  class space    used 19341K, capacity 27709K, committed 27728K, reserved 1048576K
}
Event: 41570.136 GC heap before
{Heap before GC invocations=284 (full 0):
 garbage-first heap   total 561152K, used 490947K [0x00000000c0000000, 0x00000000c0101120, 0x0000000100000000)
  region size 1024K, 275 young (281600K), 10 survivors (10240K)
 Metaspace       used 140460K, capacity 162636K, committed 162768K, reserved 1183744K
  class space    used 19371K, capacity 27819K, committed 27856K, reserved 1048576K
Event: 41570.150 GC heap after
Heap after GC invocations=285 (full 0):
 garbage-first heap   total 561152K, used 219705K [0x00000000c0000000, 0x00000000c0101120, 0x0000000100000000)
  region size 1024K, 10 young (10240K), 10 survivors (10240K)
 Metaspace       used 140460K, capacity 162636K, committed 162768K, reserved 1183744K
  class space    used 19371K, capacity 27819K, committed 27856K, reserved 1048576K
}
Event: 41874.802 GC heap before
{Heap before GC invocations=285 (full 0):
 garbage-first heap   total 561152K, used 491065K [0x00000000c0000000, 0x00000000c0101120, 0x0000000100000000)
  region size 1024K, 275 young (281600K), 10 survivors (10240K)
 Metaspace       used 140470K, capacity 162636K, committed 162768K, reserved 1183744K
  class space    used 19371K, capacity 27819K, committed 27856K, reserved 1048576K
Event: 41874.816 GC heap after
Heap after GC invocations=286 (full 0):
 garbage-first heap   total 561152K, used 218777K [0x00000000c0000000, 0x00000000c0101120, 0x0000000100000000)
  region size 1024K, 9 young (9216K), 9 survivors (9216K)
 Metaspace       used 140470K, capacity 162636K, committed 162768K, reserved 1183744K
  class space    used 19371K, capacity 27819K, committed 27856K, reserved 1048576K
}
Event: 41984.959 GC heap before
{Heap before GC invocations=286 (full 0):
 garbage-first heap   total 561152K, used 492185K [0x00000000c0000000, 0x00000000c0101120, 0x0000000100000000)
  region size 1024K, 276 young (282624K), 9 survivors (9216K)
 Metaspace       used 140693K, capacity 162988K, committed 163152K, reserved 1183744K
  class space    used 19404K, capacity 27934K, committed 27984K, reserved 1048576K
Event: 41984.988 GC heap after
Heap after GC invocations=287 (full 0):
 garbage-first heap   total 561152K, used 219847K [0x00000000c0000000, 0x00000000c0101120, 0x0000000100000000)
  region size 1024K, 10 young (10240K), 10 survivors (10240K)
 Metaspace       used 140693K, capacity 162988K, committed 163152K, reserved 1183744K
  class space    used 19404K, capacity 27934K, committed 27984K, reserved 1048576K
}

