# JRE version: OpenJDK Runtime Environment (8.0_151-b12) (build 1.8.0_151-8u151-b12-0ubuntu0.16.04.2-b12)
# Java VM: OpenJDK 64-Bit Server VM (25.151-b12 mixed mode linux-amd64 compressed oops)
Heap:
 garbage-first heap   total 559104K, used 344472K [0x00000000c0000000, 0x00000000c0101110, 0x0000000100000000)
  region size 1024K, 110 young (112640K), 8 survivors (8192K)
 Metaspace       used 135832K, capacity 155162K, committed 174900K, reserved 1191936K
  class space    used 18341K, capacity 25309K, committed 31872K, reserved 1048576K
GC Heap History (10 events):
Event: 36007.917 GC heap before
{Heap before GC invocations=463 (full 0):
 garbage-first heap   total 559104K, used 488963K [0x00000000c0000000, 0x00000000c0101110, 0x0000000100000000)
  region size 1024K, 251 young (257024K), 9 survivors (9216K)
 Metaspace       used 135580K, capacity 154746K, committed 174644K, reserved 1191936K
  class space    used 18303K, capacity 25189K, committed 31872K, reserved 1048576K
Event: 36007.931 GC heap after
Heap after GC invocations=464 (full 0):
 garbage-first heap   total 559104K, used 239822K [0x00000000c0000000, 0x00000000c0101110, 0x0000000100000000)
  region size 1024K, 7 young (7168K), 7 survivors (7168K)
 Metaspace       used 135580K, capacity 154746K, committed 174644K, reserved 1191936K
  class space    used 18303K, capacity 25189K, committed 31872K, reserved 1048576K
}
Event: 36039.167 GC heap before
{Heap before GC invocations=464 (full 0):
 garbage-first heap   total 559104K, used 491726K [0x00000000c0000000, 0x00000000c0101110, 0x0000000100000000)
  region size 1024K, 253 young (259072K), 7 survivors (7168K)
 Metaspace       used 135629K, capacity 154830K, committed 174644K, reserved 1191936K
  class space    used 18311K, capacity 25217K, committed 31872K, reserved 1048576K
Event: 36039.180 GC heap after
Heap after GC invocations=465 (full 0):
 garbage-first heap   total 559104K, used 239555K [0x00000000c0000000, 0x00000000c0101110, 0x0000000100000000)
  region size 1024K, 7 young (7168K), 7 survivors (7168K)
 Metaspace       used 135629K, capacity 154830K, committed 174644K, reserved 1191936K
  class space    used 18311K, capacity 25217K, committed 31872K, reserved 1048576K
}
Event: 36093.696 GC heap before
{Heap before GC invocations=465 (full 0):
 garbage-first heap   total 559104K, used 491459K [0x00000000c0000000, 0x00000000c0101110, 0x0000000100000000)
  region size 1024K, 253 young (259072K), 7 survivors (7168K)
 Metaspace       used 135730K, capacity 154994K, committed 174900K, reserved 1191936K
  class space    used 18324K, capacity 25253K, committed 31872K, reserved 1048576K
Event: 36093.708 GC heap after
Heap after GC invocations=466 (full 0):
 garbage-first heap   total 559104K, used 240925K [0x00000000c0000000, 0x00000000c0101110, 0x0000000100000000)
  region size 1024K, 8 young (8192K), 8 survivors (8192K)
 Metaspace       used 135730K, capacity 154994K, committed 174900K, reserved 1191936K
  class space    used 18324K, capacity 25253K, committed 31872K, reserved 1048576K
}
Event: 36156.022 GC heap before
{Heap before GC invocations=466 (full 0):
 garbage-first heap   total 559104K, used 490781K [0x00000000c0000000, 0x00000000c0101110, 0x0000000100000000)
  region size 1024K, 252 young (258048K), 8 survivors (8192K)
 Metaspace       used 135730K, capacity 154994K, committed 174900K, reserved 1191936K
  class space    used 18324K, capacity 25253K, committed 31872K, reserved 1048576K
Event: 36156.033 GC heap after
Heap after GC invocations=467 (full 0):
 garbage-first heap   total 559104K, used 239424K [0x00000000c0000000, 0x00000000c0101110, 0x0000000100000000)
  region size 1024K, 6 young (6144K), 6 survivors (6144K)
 Metaspace       used 135730K, capacity 154994K, committed 174900K, reserved 1191936K
  class space    used 18324K, capacity 25253K, committed 31872K, reserved 1048576K
}
Event: 36195.543 GC heap before
{Heap before GC invocations=467 (full 0):
 garbage-first heap   total 559104K, used 492352K [0x00000000c0000000, 0x00000000c0101110, 0x0000000100000000)
  region size 1024K, 253 young (259072K), 6 survivors (6144K)
 Metaspace       used 135823K, capacity 155162K, committed 174900K, reserved 1191936K
  class space    used 18340K, capacity 25309K, committed 31872K, reserved 1048576K
Event: 36195.555 GC heap after
Heap after GC invocations=468 (full 0):
 garbage-first heap   total 559104K, used 241048K [0x00000000c0000000, 0x00000000c0101110, 0x0000000100000000)
  region size 1024K, 8 young (8192K), 8 survivors (8192K)
 Metaspace       used 135823K, capacity 155162K, committed 174900K, reserved 1191936K
  class space    used 18340K, capacity 25309K, committed 31872K, reserved 1048576K
}

