# JRE version: OpenJDK Runtime Environment (8.0_151-b12) (build 1.8.0_151-8u151-b12-0ubuntu0.16.04.2-b12)
# Java VM: OpenJDK 64-Bit Server VM (25.151-b12 mixed mode linux-amd64 compressed oops)
Heap:
 garbage-first heap   total 428032K, used 216770K [0x00000000c0000000, 0x00000000c0100d10, 0x0000000100000000)
  region size 1024K, 55 young (56320K), 4 survivors (4096K)
 Metaspace       used 124475K, capacity 138880K, committed 139076K, reserved 1167360K
  class space    used 17097K, capacity 21469K, committed 21572K, reserved 1048576K
GC Heap History (10 events):
Event: 4342.409 GC heap before
{Heap before GC invocations=205 (full 0):
 garbage-first heap   total 428032K, used 381583K [0x00000000c0000000, 0x00000000c0100d10, 0x0000000100000000)
  region size 1024K, 215 young (220160K), 3 survivors (3072K)
 Metaspace       used 124037K, capacity 138358K, committed 138692K, reserved 1167360K
  class space    used 17046K, capacity 21320K, committed 21444K, reserved 1048576K
Event: 4342.419 GC heap after
Heap after GC invocations=206 (full 0):
 garbage-first heap   total 428032K, used 165057K [0x00000000c0000000, 0x00000000c0100d10, 0x0000000100000000)
  region size 1024K, 4 young (4096K), 4 survivors (4096K)
 Metaspace       used 124037K, capacity 138358K, committed 138692K, reserved 1167360K
  class space    used 17046K, capacity 21320K, committed 21444K, reserved 1048576K
}
Event: 4458.261 GC heap before
{Heap before GC invocations=206 (full 0):
 garbage-first heap   total 428032K, used 380097K [0x00000000c0000000, 0x00000000c0100d10, 0x0000000100000000)
  region size 1024K, 214 young (219136K), 4 survivors (4096K)
 Metaspace       used 124099K, capacity 138448K, committed 138692K, reserved 1167360K
  class space    used 17054K, capacity 21349K, committed 21444K, reserved 1048576K
Event: 4458.272 GC heap after
Heap after GC invocations=207 (full 0):
 garbage-first heap   total 428032K, used 164550K [0x00000000c0000000, 0x00000000c0100d10, 0x0000000100000000)
  region size 1024K, 3 young (3072K), 3 survivors (3072K)
 Metaspace       used 124099K, capacity 138448K, committed 138692K, reserved 1167360K
  class space    used 17054K, capacity 21349K, committed 21444K, reserved 1048576K
}
Event: 4501.077 GC heap before
{Heap before GC invocations=207 (full 0):
 garbage-first heap   total 428032K, used 381638K [0x00000000c0000000, 0x00000000c0100d10, 0x0000000100000000)
  region size 1024K, 215 young (220160K), 3 survivors (3072K)
 Metaspace       used 124291K, capacity 138648K, committed 138692K, reserved 1167360K
  class space    used 17078K, capacity 21413K, committed 21444K, reserved 1048576K
Event: 4501.089 GC heap after
Heap after GC invocations=208 (full 0):
 garbage-first heap   total 428032K, used 166157K [0x00000000c0000000, 0x00000000c0100d10, 0x0000000100000000)
  region size 1024K, 5 young (5120K), 5 survivors (5120K)
 Metaspace       used 124291K, capacity 138648K, committed 138692K, reserved 1167360K
  class space    used 17078K, capacity 21413K, committed 21444K, reserved 1048576K
}
Event: 4765.654 GC heap before
{Heap before GC invocations=208 (full 0):
 garbage-first heap   total 428032K, used 379149K [0x00000000c0000000, 0x00000000c0100d10, 0x0000000100000000)
  region size 1024K, 213 young (218112K), 5 survivors (5120K)
 Metaspace       used 124343K, capacity 138732K, committed 138948K, reserved 1167360K
  class space    used 17086K, capacity 21441K, committed 21444K, reserved 1048576K
Event: 4765.668 GC heap after
Heap after GC invocations=209 (full 0):
 garbage-first heap   total 428032K, used 166431K [0x00000000c0000000, 0x00000000c0100d10, 0x0000000100000000)
  region size 1024K, 5 young (5120K), 5 survivors (5120K)
 Metaspace       used 124343K, capacity 138732K, committed 138948K, reserved 1167360K
  class space    used 17086K, capacity 21441K, committed 21444K, reserved 1048576K
}
Event: 4809.768 GC heap before
{Heap before GC invocations=209 (full 0):
 garbage-first heap   total 428032K, used 379423K [0x00000000c0000000, 0x00000000c0100d10, 0x0000000100000000)
  region size 1024K, 213 young (218112K), 5 survivors (5120K)
 Metaspace       used 124429K, capacity 138880K, committed 139076K, reserved 1167360K
  class space    used 17095K, capacity 21469K, committed 21572K, reserved 1048576K
Event: 4809.780 GC heap after
Heap after GC invocations=210 (full 0):
 garbage-first heap   total 428032K, used 165570K [0x00000000c0000000, 0x00000000c0100d10, 0x0000000100000000)
  region size 1024K, 4 young (4096K), 4 survivors (4096K)
 Metaspace       used 124429K, capacity 138880K, committed 139076K, reserved 1167360K
  class space    used 17095K, capacity 21469K, committed 21572K, reserved 1048576K
}

