# JRE version: OpenJDK Runtime Environment (8.0_151-b12) (build 1.8.0_151-8u151-b12-0ubuntu0.16.04.2-b12)
# Java VM: OpenJDK 64-Bit Server VM (25.151-b12 mixed mode linux-amd64 compressed oops)
Heap:
 garbage-first heap   total 285696K, used 208531K [0x00000000c0000000, 0x00000000c01008b8, 0x0000000100000000)
  region size 1024K, 46 young (47104K), 2 survivors (2048K)
 Metaspace       used 110945K, capacity 122240K, committed 123216K, reserved 1153024K
  class space    used 15407K, capacity 18647K, committed 19024K, reserved 1048576K
GC Heap History (10 events):
Event: 2456.347 GC heap before
{Heap before GC invocations=157 (full 0):
 garbage-first heap   total 285696K, used 253726K [0x00000000c0000000, 0x00000000c01008b8, 0x0000000100000000)
  region size 1024K, 89 young (91136K), 2 survivors (2048K)
 Metaspace       used 110780K, capacity 122132K, committed 123216K, reserved 1153024K
  class space    used 15410K, capacity 18675K, committed 19024K, reserved 1048576K
Event: 2456.354 GC heap after
Heap after GC invocations=158 (full 0):
 garbage-first heap   total 285696K, used 164881K [0x00000000c0000000, 0x00000000c01008b8, 0x0000000100000000)
  region size 1024K, 2 young (2048K), 2 survivors (2048K)
 Metaspace       used 110780K, capacity 122132K, committed 123216K, reserved 1153024K
  class space    used 15410K, capacity 18675K, committed 19024K, reserved 1048576K
}
Event: 2475.350 GC heap before
{Heap before GC invocations=158 (full 0):
 garbage-first heap   total 285696K, used 253969K [0x00000000c0000000, 0x00000000c01008b8, 0x0000000100000000)
  region size 1024K, 89 young (91136K), 2 survivors (2048K)
 Metaspace       used 110866K, capacity 122196K, committed 123216K, reserved 1153024K
  class space    used 15410K, capacity 18675K, committed 19024K, reserved 1048576K
Event: 2475.367 GC heap after
Heap after GC invocations=159 (full 0):
 garbage-first heap   total 285696K, used 164423K [0x00000000c0000000, 0x00000000c01008b8, 0x0000000100000000)
  region size 1024K, 1 young (1024K), 1 survivors (1024K)
 Metaspace       used 110866K, capacity 122196K, committed 123216K, reserved 1153024K
  class space    used 15410K, capacity 18675K, committed 19024K, reserved 1048576K
}
Event: 2491.454 GC heap before
{Heap before GC invocations=160 (full 0):
 garbage-first heap   total 285696K, used 255559K [0x00000000c0000000, 0x00000000c01008b8, 0x0000000100000000)
  region size 1024K, 90 young (92160K), 1 survivors (1024K)
 Metaspace       used 110889K, capacity 122176K, committed 123216K, reserved 1153024K
  class space    used 15404K, capacity 18647K, committed 19024K, reserved 1048576K
Event: 2491.465 GC heap after
Heap after GC invocations=161 (full 0):
 garbage-first heap   total 285696K, used 164657K [0x00000000c0000000, 0x00000000c01008b8, 0x0000000100000000)
  region size 1024K, 2 young (2048K), 2 survivors (2048K)
 Metaspace       used 110889K, capacity 122176K, committed 123216K, reserved 1153024K
  class space    used 15404K, capacity 18647K, committed 19024K, reserved 1048576K
}
Event: 2493.067 GC heap before
{Heap before GC invocations=161 (full 0):
 garbage-first heap   total 285696K, used 175921K [0x00000000c0000000, 0x00000000c01008b8, 0x0000000100000000)
  region size 1024K, 13 young (13312K), 2 survivors (2048K)
 Metaspace       used 110889K, capacity 122176K, committed 123216K, reserved 1153024K
  class space    used 15404K, capacity 18647K, committed 19024K, reserved 1048576K
Event: 2493.077 GC heap after
Heap after GC invocations=162 (full 0):
 garbage-first heap   total 285696K, used 164268K [0x00000000c0000000, 0x00000000c01008b8, 0x0000000100000000)
  region size 1024K, 2 young (2048K), 2 survivors (2048K)
 Metaspace       used 110889K, capacity 122176K, committed 123216K, reserved 1153024K
  class space    used 15404K, capacity 18647K, committed 19024K, reserved 1048576K
}
Event: 2545.079 GC heap before
{Heap before GC invocations=162 (full 0):
 garbage-first heap   total 285696K, used 253356K [0x00000000c0000000, 0x00000000c01008b8, 0x0000000100000000)
  region size 1024K, 89 young (91136K), 2 survivors (2048K)
 Metaspace       used 110897K, capacity 122176K, committed 123216K, reserved 1153024K
  class space    used 15405K, capacity 18647K, committed 19024K, reserved 1048576K
Event: 2545.096 GC heap after
Heap after GC invocations=163 (full 0):
 garbage-first heap   total 285696K, used 164499K [0x00000000c0000000, 0x00000000c01008b8, 0x0000000100000000)
  region size 1024K, 2 young (2048K), 2 survivors (2048K)
 Metaspace       used 110897K, capacity 122176K, committed 123216K, reserved 1153024K
  class space    used 15405K, capacity 18647K, committed 19024K, reserved 1048576K
}

