# JRE version: OpenJDK Runtime Environment (8.0_151-b12) (build 1.8.0_151-8u151-b12-0ubuntu0.16.04.2-b12)
# Java VM: OpenJDK 64-Bit Server VM (25.151-b12 mixed mode linux-amd64 compressed oops)
Heap:
 garbage-first heap   total 547840K, used 410288K [0x00000000c0000000, 0x00000000c01010b8, 0x0000000100000000)
  region size 1024K, 197 young (201728K), 9 survivors (9216K)
 Metaspace       used 134017K, capacity 153286K, committed 153492K, reserved 1177600K
  class space    used 18223K, capacity 25023K, committed 25040K, reserved 1048576K
GC Heap History (10 events):
Event: 26186.750 GC heap before
{Heap before GC invocations=305 (full 0):
 garbage-first heap   total 547840K, used 480538K [0x00000000c0000000, 0x00000000c01010b8, 0x0000000100000000)
  region size 1024K, 267 young (273408K), 11 survivors (11264K)
 Metaspace       used 133910K, capacity 153138K, committed 153236K, reserved 1177600K
  class space    used 18214K, capacity 24995K, committed 25040K, reserved 1048576K
Event: 26186.762 GC heap after
Heap after GC invocations=306 (full 0):
 garbage-first heap   total 547840K, used 218017K [0x00000000c0000000, 0x00000000c01010b8, 0x0000000100000000)
  region size 1024K, 10 young (10240K), 10 survivors (10240K)
 Metaspace       used 133910K, capacity 153138K, committed 153236K, reserved 1177600K
  class space    used 18214K, capacity 24995K, committed 25040K, reserved 1048576K
}
Event: 26439.142 GC heap before
{Heap before GC invocations=306 (full 0):
 garbage-first heap   total 547840K, used 482209K [0x00000000c0000000, 0x00000000c01010b8, 0x0000000100000000)
  region size 1024K, 268 young (274432K), 10 survivors (10240K)
 Metaspace       used 133911K, capacity 153138K, committed 153236K, reserved 1177600K
  class space    used 18214K, capacity 24995K, committed 25040K, reserved 1048576K
Event: 26439.174 GC heap after
Heap after GC invocations=307 (full 0):
 garbage-first heap   total 547840K, used 218230K [0x00000000c0000000, 0x00000000c01010b8, 0x0000000100000000)
  region size 1024K, 10 young (10240K), 10 survivors (10240K)
 Metaspace       used 133911K, capacity 153138K, committed 153236K, reserved 1177600K
  class space    used 18214K, capacity 24995K, committed 25040K, reserved 1048576K
}
Event: 27271.556 GC heap before
{Heap before GC invocations=307 (full 0):
 garbage-first heap   total 547840K, used 481398K [0x00000000c0000000, 0x00000000c01010b8, 0x0000000100000000)
  region size 1024K, 267 young (273408K), 10 survivors (10240K)
 Metaspace       used 133923K, capacity 153202K, committed 153492K, reserved 1177600K
  class space    used 18214K, capacity 24995K, committed 25040K, reserved 1048576K
Event: 27271.587 GC heap after
Heap after GC invocations=308 (full 0):
 garbage-first heap   total 547840K, used 218002K [0x00000000c0000000, 0x00000000c01010b8, 0x0000000100000000)
  region size 1024K, 9 young (9216K), 9 survivors (9216K)
 Metaspace       used 133923K, capacity 153202K, committed 153492K, reserved 1177600K
  class space    used 18214K, capacity 24995K, committed 25040K, reserved 1048576K
}
Event: 29415.509 GC heap before
{Heap before GC invocations=308 (full 0):
 garbage-first heap   total 547840K, used 483218K [0x00000000c0000000, 0x00000000c01010b8, 0x0000000100000000)
  region size 1024K, 268 young (274432K), 9 survivors (9216K)
 Metaspace       used 133979K, capacity 153286K, committed 153492K, reserved 1177600K
  class space    used 18222K, capacity 25023K, committed 25040K, reserved 1048576K
Event: 29415.524 GC heap after
Heap after GC invocations=309 (full 0):
 garbage-first heap   total 547840K, used 218543K [0x00000000c0000000, 0x00000000c01010b8, 0x0000000100000000)
  region size 1024K, 9 young (9216K), 9 survivors (9216K)
 Metaspace       used 133979K, capacity 153286K, committed 153492K, reserved 1177600K
  class space    used 18222K, capacity 25023K, committed 25040K, reserved 1048576K
}
Event: 29889.115 GC heap before
{Heap before GC invocations=309 (full 0):
 garbage-first heap   total 547840K, used 482735K [0x00000000c0000000, 0x00000000c01010b8, 0x0000000100000000)
  region size 1024K, 267 young (273408K), 9 survivors (9216K)
 Metaspace       used 134006K, capacity 153286K, committed 153492K, reserved 1177600K
  class space    used 18222K, capacity 25023K, committed 25040K, reserved 1048576K
Event: 29889.141 GC heap after
Heap after GC invocations=310 (full 0):
 garbage-first heap   total 547840K, used 218800K [0x00000000c0000000, 0x00000000c01010b8, 0x0000000100000000)
  region size 1024K, 9 young (9216K), 9 survivors (9216K)
 Metaspace       used 134006K, capacity 153286K, committed 153492K, reserved 1177600K
  class space    used 18222K, capacity 25023K, committed 25040K, reserved 1048576K
}

